<?xml version="1.0" encoding="UTF-8" ?>
<testsuite errors="0" failures="0" hostname="parths-Air.attlocal.net" name="com.kata.pencildurability.PencilDurabilityTest" skipped="0" tests="15" time="0.549" timestamp="2018-09-10T03:07:20">
  <properties>
    <property name="java.vendor" value="Oracle Corporation" />
    <property name="sun.java.launcher" value="SUN_STANDARD" />
    <property name="env.XPC_SERVICE_NAME" value="com.apple.xpc.launchd.oneshot.0x10000031.eclipse" />
    <property name="eclipse.pdebuild.templates" value="/Users/madhavi/Documents/Eclipse/Eclipse.app/Contents/Eclipse/plugins/org.eclipse.pde.build_3.10.0.v20180512-1217/templates" />
    <property name="sun.management.compiler" value="HotSpot 64-Bit Tiered Compilers" />
    <property name="os.name" value="Mac OS X" />
    <property name="sun.boot.class.path" value="/Library/Java/JavaVirtualMachines/jdk1.8.0_181.jdk/Contents/Home/jre/lib/resources.jar:/Library/Java/JavaVirtualMachines/jdk1.8.0_181.jdk/Contents/Home/jre/lib/rt.jar:/Library/Java/JavaVirtualMachines/jdk1.8.0_181.jdk/Contents/Home/jre/lib/sunrsasign.jar:/Library/Java/JavaVirtualMachines/jdk1.8.0_181.jdk/Contents/Home/jre/lib/jsse.jar:/Library/Java/JavaVirtualMachines/jdk1.8.0_181.jdk/Contents/Home/jre/lib/jce.jar:/Library/Java/JavaVirtualMachines/jdk1.8.0_181.jdk/Contents/Home/jre/lib/charsets.jar:/Library/Java/JavaVirtualMachines/jdk1.8.0_181.jdk/Contents/Home/jre/lib/jfr.jar:/Library/Java/JavaVirtualMachines/jdk1.8.0_181.jdk/Contents/Home/jre/classes" />
    <property name="env.TMPDIR" value="/var/folders/pf/snxyz6rx5pg3rd3smr6tv5b00000gp/T/" />
    <property name="java.vm.specification.vendor" value="Oracle Corporation" />
    <property name="ant.home" value="/Users/madhavi/Documents/Eclipse/Eclipse.app/Contents/Eclipse/plugins/org.apache.ant_1.10.3.v20180417-1627" />
    <property name="java.runtime.version" value="1.8.0_181-b13" />
    <property name="env.Apple_PubSub_Socket_Render" value="/private/tmp/com.apple.launchd.W3Zbe1dS4E/Render" />
    <property name="user.name" value="madhavi" />
    <property name="env.USER" value="madhavi" />
    <property name="env.SHELL" value="/bin/bash" />
    <property name="env.__CF_USER_TEXT_ENCODING" value="0x1F6:0x0:0x0" />
    <property name="env.PATH" value="/usr/bin:/bin:/usr/sbin:/sbin" />
    <property name="user.language" value="en" />
    <property name="env.JAVA_STARTED_ON_FIRST_THREAD_18981" value="1" />
    <property name="sun.boot.library.path" value="/Library/Java/JavaVirtualMachines/jdk1.8.0_181.jdk/Contents/Home/jre/lib" />
    <property name="ant.project.default-target" value="build" />
    <property name="env.XPC_FLAGS" value="0x0" />
    <property name="ant.project.name" value="PencilDurabilityKata" />
    <property name="java.version" value="1.8.0_181" />
    <property name="user.timezone" value="" />
    <property name="sun.arch.data.model" value="64" />
    <property name="env.APP_ICON_13182" value="../Resources/Eclipse.icns" />
    <property name="http.nonProxyHosts" value="local|*.local|169.254/16|*.169.254/16" />
    <property name="java.endorsed.dirs" value="/Library/Java/JavaVirtualMachines/jdk1.8.0_181.jdk/Contents/Home/jre/lib/endorsed" />
    <property name="sun.cpu.isalist" value="" />
    <property name="sun.jnu.encoding" value="UTF-8" />
    <property name="file.encoding.pkg" value="sun.io" />
    <property name="file.separator" value="/" />
    <property name="java.specification.name" value="Java Platform API Specification" />
    <property name="env.JAVA_STARTED_ON_FIRST_THREAD_13182" value="1" />
    <property name="java.class.version" value="52.0" />
    <property name="user.country" value="US" />
    <property name="java.home" value="/Library/Java/JavaVirtualMachines/jdk1.8.0_181.jdk/Contents/Home/jre" />
    <property name="java.vm.info" value="mixed mode" />
    <property name="env.LOGNAME" value="madhavi" />
    <property name="ant.file" value="/Users/madhavi/git/PencilDurabilityKata/PencilDurabilityKata/build.xml" />
    <property name="os.version" value="10.11.6" />
    <property name="env.JAVA_MAIN_CLASS_18981" value="org.eclipse.ant.internal.launching.remote.InternalAntRunner" />
    <property name="path.separator" value=":" />
    <property name="java.vm.version" value="25.181-b13" />
    <property name="ant.library.dir" value="/Users/madhavi/Documents/Eclipse/Eclipse.app/Contents/Eclipse/plugins/org.apache.ant_1.10.3.v20180417-1627/lib" />
    <property name="junit.output.dir" value="junit" />
    <property name="java.awt.printerjob" value="sun.lwawt.macosx.CPrinterJob" />
    <property name="sun.io.unicode.encoding" value="UnicodeBig" />
    <property name="awt.toolkit" value="sun.lwawt.macosx.LWCToolkit" />
    <property name="socksNonProxyHosts" value="local|*.local|169.254/16|*.169.254/16" />
    <property name="ftp.nonProxyHosts" value="local|*.local|169.254/16|*.169.254/16" />
    <property name="eclipse.pdebuild.scripts" value="/Users/madhavi/Documents/Eclipse/Eclipse.app/Contents/Eclipse/plugins/org.eclipse.pde.build_3.10.0.v20180512-1217/scripts" />
    <property name="user.home" value="/Users/madhavi" />
    <property name="target" value="1.8" />
    <property name="java.specification.vendor" value="Oracle Corporation" />
    <property name="java.library.path" value="/Users/madhavi/Library/Java/Extensions:/Library/Java/Extensions:/Network/Library/Java/Extensions:/System/Library/Java/Extensions:/usr/lib/java:." />
    <property name="java.vendor.url" value="http://java.oracle.com/" />
    <property name="ant.file.PencilDurabilityKata" value="/Users/madhavi/git/PencilDurabilityKata/PencilDurabilityKata/build.xml" />
    <property name="java.vm.vendor" value="Oracle Corporation" />
    <property name="gopherProxySet" value="false" />
    <property name="java.runtime.name" value="Java(TM) SE Runtime Environment" />
    <property name="sun.java.command" value="org.apache.tools.ant.taskdefs.optional.junit.JUnitTestRunner com.kata.pencildurability.PencilDurabilityTest skipNonTests=false filtertrace=true haltOnError=false haltOnFailure=false formatter=org.apache.tools.ant.taskdefs.optional.junit.OutErrSummaryJUnitResultFormatter showoutput=false outputtoformatters=true logfailedtests=true threadid=0 logtestlistenerevents=false formatter=org.apache.tools.ant.taskdefs.optional.junit.XMLJUnitResultFormatter,/Users/madhavi/git/PencilDurabilityKata/PencilDurabilityKata/junit/TEST-com.kata.pencildurability.PencilDurabilityTest.xml crashfile=/Users/madhavi/git/PencilDurabilityKata/PencilDurabilityKata/junitvmwatcher3558328111374093274.properties propsfile=/Users/madhavi/git/PencilDurabilityKata/PencilDurabilityKata/junit6326870812589913320.properties" />
    <property name="java.class.path" value="/Users/madhavi/git/PencilDurabilityKata/PencilDurabilityKata/bin:/Users/madhavi/Documents/junit-4.12.jar:/Users/madhavi/Documents/hamcrest-core-1.3.jar:/Users/madhavi/Documents/Eclipse/Eclipse.app/Contents/Eclipse/plugins/org.apache.ant_1.10.3.v20180417-1627/lib/ant-launcher.jar:/Users/madhavi/Documents/Eclipse/Eclipse.app/Contents/Eclipse/plugins/org.apache.ant_1.10.3.v20180417-1627/lib/ant.jar:/Users/madhavi/Documents/Eclipse/Eclipse.app/Contents/Eclipse/plugins/org.apache.ant_1.10.3.v20180417-1627/lib/ant-junit.jar:/Users/madhavi/Documents/Eclipse/Eclipse.app/Contents/Eclipse/plugins/org.apache.ant_1.10.3.v20180417-1627/lib/ant-junit4.jar" />
    <property name="ant.version" value="Apache Ant(TM) version 1.10.3 compiled on March 24 2018" />
    <property name="java.vm.specification.name" value="Java Virtual Machine Specification" />
    <property name="java.vm.specification.version" value="1.8" />
    <property name="sun.cpu.endian" value="little" />
    <property name="sun.os.patch.level" value="unknown" />
    <property name="debuglevel" value="source,lines,vars" />
    <property name="env.HOME" value="/Users/madhavi" />
    <property name="env.ANT_HOME" value="/Users/madhavi/Documents/Eclipse/Eclipse.app/Contents/Eclipse/plugins/org.apache.ant_1.10.3.v20180417-1627" />
    <property name="java.io.tmpdir" value="/var/folders/pf/snxyz6rx5pg3rd3smr6tv5b00000gp/T/" />
    <property name="eclipse.pdebuild.home" value="/Users/madhavi/Documents/Eclipse/Eclipse.app/Contents/Eclipse/plugins/org.eclipse.pde.build_3.10.0.v20180512-1217/." />
    <property name="java.vendor.url.bug" value="http://bugreport.sun.com/bugreport/" />
    <property name="env.SSH_AUTH_SOCK" value="/private/tmp/com.apple.launchd.fXopb7ZGPr/Listeners" />
    <property name="env.COMMAND_MODE" value="unix2003" />
    <property name="java.awt.graphicsenv" value="sun.awt.CGraphicsEnvironment" />
    <property name="os.arch" value="x86_64" />
    <property name="java.ext.dirs" value="/Users/madhavi/Library/Java/Extensions:/Library/Java/JavaVirtualMachines/jdk1.8.0_181.jdk/Contents/Home/jre/lib/ext:/Library/Java/Extensions:/Network/Library/Java/Extensions:/System/Library/Java/Extensions:/usr/lib/java" />
    <property name="user.dir" value="/Users/madhavi/git/PencilDurabilityKata/PencilDurabilityKata" />
    <property name="line.separator" value="&#xa;" />
    <property name="java.vm.name" value="Java HotSpot(TM) 64-Bit Server VM" />
    <property name="basedir" value="/Users/madhavi/git/PencilDurabilityKata/PencilDurabilityKata" />
    <property name="ant.file.type.PencilDurabilityKata" value="file" />
    <property name="ant.java.version" value="1.8" />
    <property name="ant.core.lib" value="/Users/madhavi/Documents/Eclipse/Eclipse.app/Contents/Eclipse/plugins/org.apache.ant_1.10.3.v20180417-1627/lib/ant.jar" />
    <property name="source" value="1.8" />
    <property name="file.encoding" value="UTF-8" />
    <property name="java.specification.version" value="1.8" />
    <property name="ant.project.invoked-targets" value="PencilDurabilityTest" />
  </properties>
  <testcase classname="com.kata.pencildurability.PencilDurabilityTest" name="test11EraserPointDurabilityDegrade" time="0.01" />
  <testcase classname="com.kata.pencildurability.PencilDurabilityTest" name="test13EditTextLessCharacterWordToReplace" time="0.001" />
  <testcase classname="com.kata.pencildurability.PencilDurabilityTest" name="test6PencilWritingTextSharpenPencil" time="0.0" />
  <testcase classname="com.kata.pencildurability.PencilDurabilityTest" name="test10EraseText" time="0.0" />
  <testcase classname="com.kata.pencildurability.PencilDurabilityTest" name="test13EditTextNineCharacterWordToReplace" time="0.0" />
  <testcase classname="com.kata.pencildurability.PencilDurabilityTest" name="test3PencilWritingTextLessThanInitialDurabilityTenCharacters" time="0.0" />
  <testcase classname="com.kata.pencildurability.PencilDurabilityTest" name="test9NoRestorePencilDurabilityWhenPencilLengthIsZero" time="0.0" />
  <testcase classname="com.kata.pencildurability.PencilDurabilityTest" name="test8CheckPencilLengthAfterSharpen" time="0.0" />
  <testcase classname="com.kata.pencildurability.PencilDurabilityTest" name="test4PencilWritingTextMoreThanInitialDurabilityTenCharacters" time="0.0" />
  <testcase classname="com.kata.pencildurability.PencilDurabilityTest" name="test12EditTextExactWordFit" time="0.001" />
  <testcase classname="com.kata.pencildurability.PencilDurabilityTest" name="test1WriteTextOnPaperWithPencil" time="0.0" />
  <testcase classname="com.kata.pencildurability.PencilDurabilityTest" name="test14EditTextTenCharacterWordToReplace" time="0.001" />
  <testcase classname="com.kata.pencildurability.PencilDurabilityTest" name="test7CheckPencilInitalLength" time="0.0" />
  <testcase classname="com.kata.pencildurability.PencilDurabilityTest" name="test5PencilWritingTextUpperCaseLettersDegradePencilByTwo" time="0.0" />
  <testcase classname="com.kata.pencildurability.PencilDurabilityTest" name="test2AppendTextToExistingTextOnPaperWithPencil" time="0.001" />
  <system-out><![CDATA[]]></system-out>
  <system-err><![CDATA[]]></system-err>
</testsuite>
